\BOOKMARK [1][]{section.1}{\376\377\0001\000\040\000O\000g\000\363\000l\000n\000e\000\040\000o\000k\000r\000e\001\133\000l\000e\000n\000i\000e\000\040\000w\000y\000m\000a\000g\000a\001\104}{}% 1
\BOOKMARK [1][]{section.2}{\376\377\0002\000\040\000O\000k\000r\000e\001\133\000l\000e\000n\000i\000e\000\040\000w\000y\000m\000a\000g\000a\001\104\000\040\000s\000z\000c\000z\000e\000g\000\363\001\102\000o\000w\000y\000c\000h}{}% 2
\BOOKMARK [1][]{section.3}{\376\377\0003\000\040\000P\000r\000o\000j\000e\000k\000t\000o\000w\000a\000n\000i\000e}{}% 3
\BOOKMARK [2][-]{subsection.3.1}{\376\377\0003\000.\0001\000\040\000K\000i\000l\000k\000a\000\040\000s\001\102\000\363\000w\000\040\000o\000\040\001\133\000r\000o\000d\000o\000w\000i\000s\000k\000u\000\040\000A\000n\000d\000r\000o\000i\000d\000\040\000s\000t\000u\000d\000i\000o\000\040\000o\000r\000a\000z\000\040\000j\001\031\000z\000y\000k\000u\000\040\000p\000r\000o\000g\000r\000a\000m\000o\000w\000a\000n\000i\000a\000\040\000J\000a\000v\000a\000.}{section.3}% 4
\BOOKMARK [2][-]{subsection.3.2}{\376\377\0003\000.\0002\000\040\001\132\000r\000o\000d\000o\000w\000i\000s\000k\000o\000\040\000p\000r\000o\000g\000r\000a\000m\000i\000s\000t\000y\000/\000S\000k\001\102\000a\000d\000a\000n\000i\000e\000\040\000d\000o\000k\000u\000m\000e\000n\000t\000\363\000w\000\040\000-\000\040\000L\000a\000t\000e\000x}{section.3}% 5
\BOOKMARK [2][-]{subsection.3.3}{\376\377\0003\000.\0003\000\040\000C\000z\000y\000m\000\040\000j\000e\000s\000t\000\040\000G\000i\000t\000\040\000o\000r\000a\000z\000\040\000d\000o\000\040\000c\000z\000e\000g\000o\000\040\000s\001\102\000u\001\174\000y\000?}{section.3}% 6
\BOOKMARK [1][]{section.4}{\376\377\0004\000\040\000I\000m\000p\000l\000e\000m\000e\000n\000t\000a\000c\000j\000a}{}% 7
\BOOKMARK [1][]{section.5}{\376\377\0005\000\040\000T\000e\000s\000t\000o\000w\000a\000n\000i\000e}{}% 8
\BOOKMARK [2][-]{subsection.5.1}{\376\377\0005\000.\0001\000\040\000T\000e\000s\000t\000o\000w\000a\000n\000i\000e\000\040\000l\000a\000t\000a\000r\000k\000i}{section.5}% 9
\BOOKMARK [2][-]{subsection.5.2}{\376\377\0005\000.\0002\000\040\000T\000e\000s\000t\000o\000w\000a\000n\000i\000e\000\040\000t\000r\000y\000b\000u\000\040\000c\000i\000e\000m\000n\000e\000g\000o}{section.5}% 10
\BOOKMARK [2][-]{subsection.5.3}{\376\377\0005\000.\0003\000\040\000T\000e\000s\000t\000o\000w\000a\000n\000i\000e\000\040\000c\000z\000u\000j\000n\000i\000k\000a\000\040\000z\000b\000l\000i\001\174\000e\000n\000i\000o\000w\000e\000g\000o}{section.5}% 11
\BOOKMARK [2][-]{subsection.5.4}{\376\377\0005\000.\0004\000\040\000T\000e\000s\000t\000o\000w\000a\000n\000i\000e\000\040\000l\000o\000k\000a\000l\000i\000z\000a\000c\000j\000i}{section.5}% 12
\BOOKMARK [2][-]{subsection.5.5}{\376\377\0005\000.\0005\000\040\000T\000e\000s\000t\000o\000w\000a\000n\000i\000e\000\040\000w\000i\000f\000i}{section.5}% 13
\BOOKMARK [2][-]{subsection.5.6}{\376\377\0005\000.\0006\000\040\000T\000e\000s\000t\000o\000w\000a\000n\000i\000e\000\040\000d\001\172\000w\000i\001\031\000k\000u}{section.5}% 14
\BOOKMARK [2][-]{subsection.5.7}{\376\377\0005\000.\0007\000\040\000T\000e\000s\000t\000o\000w\000a\000n\000i\000e\000\040\000m\000i\000k\000r\000o\000f\000o\000n\000u}{section.5}% 15
\BOOKMARK [2][-]{subsection.5.8}{\376\377\0005\000.\0008\000\040\000T\000e\000s\000t\000o\000w\000a\000n\000i\000e\000\040\000a\000p\000a\000r\000a\000t\000u}{section.5}% 16
\BOOKMARK [2][-]{subsection.5.9}{\376\377\0005\000.\0009\000\040\000T\000e\000s\000t\000o\000w\000a\000n\000i\000e\000\040\000m\000e\000n\000u}{section.5}% 17
\BOOKMARK [2][-]{subsection.5.10}{\376\377\0005\000.\0001\0000\000\040\000T\000e\000s\000t\000o\000w\000a\000n\000i\000e\000\040\000p\000o\000d\000s\000u\000m\000o\000w\000a\000n\000i\000a}{section.5}% 18
\BOOKMARK [1][]{section.6}{\376\377\0006\000\040\000P\000o\000d\000r\001\031\000c\000z\000n\000i\000k\000\040\000u\001\174\000y\000t\000k\000o\000w\000n\000i\000k\000a}{}% 19
\BOOKMARK [1][]{section.6}{\376\377\000L\000i\000t\000e\000r\000a\000t\000u\000r\000a}{}% 20
\BOOKMARK [1][]{section.6}{\376\377\000S\000p\000i\000s\000\040\000r\000y\000s\000u\000n\000k\000\363\000w}{}% 21
\BOOKMARK [1][]{section.6}{\376\377\000S\000p\000i\000s\000\040\000t\000a\000b\000e\000l}{}% 22
\BOOKMARK [1][]{section.6}{\376\377\000S\000p\000i\000s\000\040\000l\000i\000s\000t\000i\000n\000g\000\363\000w}{}% 23
